[INFO  - 2017-09-23T13:10:34.828Z] GhostDriver - Main - running on port 59224
[INFO  - 2017-09-23T13:10:35.667Z] Session [9646dae0-a060-11e7-9909-f13e819dbb0f] - page.settings - {"XSSAuditingEnabled":false,"javascriptCanCloseWindows":true,"javascriptCanOpenWindows":true,"javascriptEnabled":true,"loadImages":false,"localToRemoteUrlAccessEnabled":false,"userAgent":"Mozilla/5.0 (Macintosh; Intel Mac OS X 10_12_6) AppleWebKit/537.36 (KHTML, like Gecko) Chrome/60.0.3112.113 Safari/537.36","webSecurityEnabled":true}
[INFO  - 2017-09-23T13:10:35.667Z] Session [9646dae0-a060-11e7-9909-f13e819dbb0f] - page.customHeaders:  - {}
[INFO  - 2017-09-23T13:10:35.667Z] Session [9646dae0-a060-11e7-9909-f13e819dbb0f] - Session.negotiatedCapabilities - {"browserName":"phantomjs","version":"2.1.1","driverName":"ghostdriver","driverVersion":"1.2.0","platform":"mac-unknown-64bit","javascriptEnabled":true,"takesScreenshot":true,"handlesAlerts":false,"databaseEnabled":false,"locationContextEnabled":false,"applicationCacheEnabled":false,"browserConnectionEnabled":false,"cssSelectorsEnabled":true,"webStorageEnabled":false,"rotatable":false,"acceptSslCerts":false,"nativeEvents":true,"proxy":{"proxyType":"direct"},"phantomjs.page.settings.userAgent":"Mozilla/5.0 (Macintosh; Intel Mac OS X 10_12_6) AppleWebKit/537.36 (KHTML, like Gecko) Chrome/60.0.3112.113 Safari/537.36"}
[INFO  - 2017-09-23T13:10:35.667Z] SessionManagerReqHand - _postNewSessionCommand - New Session Created: 9646dae0-a060-11e7-9909-f13e819dbb0f
[ERROR - 2017-09-23T13:10:37.696Z] Session [9646dae0-a060-11e7-9909-f13e819dbb0f] - page.onError - msg: [Error]: ad_slot: dale_anonymous_home_page_top is not exist

  phantomjs://platform/console++.js:263 in error
[ERROR - 2017-09-23T13:10:37.697Z] Session [9646dae0-a060-11e7-9909-f13e819dbb0f] - page.onError - stack:
  (anonymous function) (https://img3.doubanio.com/f/adjs/5d42c5a12e11fa07471563e03097860eaf786316/ad.release.js:1)

  phantomjs://platform/console++.js:263 in error
[ERROR - 2017-09-23T13:10:39.419Z] Session [9646dae0-a060-11e7-9909-f13e819dbb0f] - page.onError - msg: TypeError: null is not an object (evaluating 'e.target.url.match(/page\/([\w\d]{7})/)[1]')

  phantomjs://platform/console++.js:263 in error
[ERROR - 2017-09-23T13:10:39.419Z] Session [9646dae0-a060-11e7-9909-f13e819dbb0f] - page.onError - stack:
  (anonymous function) (https://img3.doubanio.com/misc/mixed_static/d171c4a73311c3c.js:88)
  forEach (:0)
  render (https://img3.d[INFO  - 2017-09-23T13:11:06.911Z] SessionManagerReqHand - _cleanupWindowlessSessions - Asynchronous Sessions clean-up phase starting NOW
[INFO  - 2017-09-23T13:16:06.901Z] SessionManagerReqHand - _cleanupWindowlessSessions - Asynchronous Sessions clean-up phase starting NOW
[INFO  - 2017-09-23T13:21:06.892Z] SessionManagerReqHand - _cleanupWindowlessSessions - Asynchronous Sessions clean-up phase starting NOW
[INFO  - 2017-09-23T13:26:06.882Z] SessionManagerReqHand - _cleanupWindowlessSessions - Asynchronous Sessions clean-up phase starting NOW
[INFO  - 2017-09-23T13:31:06.871Z] SessionManagerReqHand - _cleanupWindowlessSessions - Asynchronous Sessions clean-up phase starting NOW
[INFO  - 2017-09-23T13:36:06.861Z] SessionManagerReqHand - _cleanupWindowlessSessions - Asynchronous Sessions clean-up phase starting NOW
[INFO  - 2017-09-23T13:41:06.851Z] SessionManagerReqHand - _cleanupWindowlessSessions - Asynchronous Sessions clean-up phase starting NOW
[INFO  - 2017-09-23T13:46:06.842Z] SessionManagerReqHand - _cleanupWindowlessSessions - Asynchronous Sessions clean-up phase starting NOW
[INFO  - 2017-09-23T13:51:06.832Z] SessionManagerReqHand - _cleanupWindowlessSessions - Asynchronous Sessions clean-up phase starting NOW
[INFO  - 2017-09-23T13:56:06.822Z] SessionManagerReqHand - _cleanupWindowlessSessions - Asynchronous Sessions clean-up phase starting NOW
[INFO  - 2017-09-23T14:01:06.811Z] SessionManagerReqHand - _cleanupWindowlessSessions - Asynchronous Sessions clean-up phase starting NOW
[INFO  - 2017-09-23T14:06:06.802Z] SessionManagerReqHand - _cleanupWindowlessSessions - Asynchronous Sessions clean-up phase starting NOW
[INFO  - 2017-09-23T14:11:06.799Z] SessionManagerReqHand - _cleanupWindowlessSessions - Asynchronous Sessions clean-up phase starting NOW
[INFO  - 2017-09-23T14:16:06.805Z] SessionManagerReqHand - _cleanupWindowlessSessions - Asynchronous Sessions clean-up phase starting NOW
[INFO  - 2017-09-23T14:21:06.794Z] SessionManagerReqHand - _cleanupWindowlessSessions - Asynchronous Sessions clean-up phase starting NOW
[INFO  - 2017-09-23T14:26:06.786Z] SessionManagerReqHand - _cleanupWindowlessSessions - Asynchronous Sessions clean-up phase starting NOW
[INFO  - 2017-09-23T14:31:06.776Z] SessionManagerReqHand - _cleanupWindowlessSessions - Asynchronous Sessions clean-up phase starting NOW
[INFO  - 2017-09-23T14:36:06.766Z] SessionManagerReqHand - _cleanupWindowlessSessions - Asynchronous Sessions clean-up phase starting NOW
[INFO  - 2017-09-23T14:41:06.756Z] SessionManagerReqHand - _cleanupWindowlessSessions - Asynchronous Sessions clean-up phase starting NOW
[INFO  - 2017-09-23T14:46:06.745Z] SessionManagerReqHand - _cleanupWindowlessSessions - Asynchronous Sessions clean-up phase starting NOW
[INFO  - 2017-09-23T14:51:06.735Z] SessionManagerReqHand - _cleanupWindowlessSessions - Asynchronous Sessions clean-up phase starting NOW
[INFO  - 2017-09-23T14:56:06.725Z] SessionManagerReqHand - _cleanupWindowlessSessions - Asynchronous Sessions clean-up phase starting NOW
[INFO  - 2017-09-23T15:01:06.715Z] SessionManagerReqHand - _cleanupWindowlessSessions - Asynchronous Sessions clean-up phase starting NOW
[INFO  - 2017-09-23T15:06:06.706Z] SessionManagerReqHand - _cleanupWindowlessSessions - Asynchronous Sessions clean-up phase starting NOW
[INFO  - 2017-09-23T15:11:06.697Z] SessionManagerReqHand - _cleanupWindowlessSessions - Asynchronous Sessions clean-up phase starting NOW
[INFO  - 2017-09-23T15:16:06.687Z] SessionManagerReqHand - _cleanupWindowlessSessions - Asynchronous Sessions clean-up phase starting NOW
wlessSessions[INFO  - 2017-09-23T15:03:23.285Z] SessionManagerReqH[INFO  - 2017-09-23T15:05:34.658Z] SessionManagerReqHand - _cleanupWindowlessSessions[INFO  - 2017-09-23T15:08:23.275Z] SessionManagerReqH[INFO  - 2017-09-23T15:10:34.648Z] SessionManagerReqHand - _cleanupWindowlessSessions[INFO  - 2017-09-23T15:13:23.265Z] SessionManagerReqH[INFO  - 2017-09-23T15:15:34.641Z] SessionManagerReqHand - _cleanupWindowlessSessions - Asynchronous Sessions clean-up phase starting NOW
