[INFO  - 2017-09-16T10:39:39.630Z] GhostDriver - Main - running on port 51581
[INFO  - 2017-09-16T10:39:39.647Z] Session [5793c4b0-9acb-11e7-b8e9-0dc3c97b18a5] - page.settings - {"XSSAuditingEnabled":false,"javascriptCanCloseWindows":true,"javascriptCanOpenWindows":true,"javascriptEnabled":true,"loadImages":false,"localToRemoteUrlAccessEnabled":false,"userAgent":"Mozilla/5.0 (Macintosh; Intel Mac OS X 10_12_6) AppleWebKit/537.36 (KHTML, like Gecko) Chrome/60.0.3112.113 Safari/537.36","webSecurityEnabled":true}
[INFO  - 2017-09-16T10:39:39.647Z] Session [5793c4b0-9acb-11e7-b8e9-0dc3c97b18a5] - page.customHeaders:  - {}
[INFO  - 2017-09-16T10:39:39.647Z] Session [5793c4b0-9acb-11e7-b8e9-0dc3c97b18a5] - Session.negotiatedCapabilities - {"browserName":"phantomjs","version":"2.1.1","driverName":"ghostdriver","driverVersion":"1.2.0","platform":"mac-unknown-64bit","javascriptEnabled":true,"takesScreenshot":true,"handlesAlerts":false,"databaseEnabled":false,"locationContextEnabled":false,"applicationCacheEnabled":false,"browserConnectionEnabled":false,"cssSelectorsEnabled":true,"webStorageEnabled":false,"rotatable":false,"acceptSslCerts":false,"nativeEvents":true,"proxy":{"proxyType":"direct"},"phantomjs.page.settings.userAgent":"Mozilla/5.0 (Macintosh; Intel Mac OS X 10_12_6) AppleWebKit/537.36 (KHTML, like Gecko) Chrome/60.0.3112.113 Safari/537.36"}
[INFO  - 2017-09-16T10:39:39.647Z] SessionManagerReqHand - _postNewSessionCommand - New Session Created: 5793c4b0-9acb-11e7-b8e9-0dc3c97b18a5
[ERROR - 2017-09-16T10:40:56.945Z] Session [5793c4b0-9acb-11e7-b8e9-0dc3c97b18a5] - page.onError - msg: ReferenceError: Can't find variable: swfobject

  phantomjs://platform/console++.js:263 in error
[ERROR - 2017-09-16T10:40:56.945Z] Session [5793c4b0-9acb-11e7-b8e9-0dc3c97b18a5] - page.onError - stack:
  support (https://ss1.bdstatic.com/5eN1bjq8AAUYm2zgoY3K/r/www/cache/static/protocol/https/voice/js/voice_1e62c0f.js:23)
  (anonymous function) (https://ss1.bdstatic.com/5eN1bjq8AAUYm2zgoY3K/r/www/cache/static/protocol/https/global/js/all_async_search_f8f9fab.js:396)
  i (https://ss1.bdstatic.com/5eN1bjq8AAUYm2zgoY3K/r/www/cache/static/protocol/https/global/js/all_async_search_f8f9fab.js:109)
  b (https://ss1.bdstatic.com/5eN1bjq8AAUYm2zgoY3K/r/www/cache/static/protocol/https/global/js/all_async_search_f8f9fab.js:109)
  (anonymous function) (https://ss1.bdstatic.com/5eN1bjq8AAUYm2zgoY3K/r/www/cache/static/protocol/https/global/js/all_async_search_f8f9fab.js:113)
  i (https://ss1.bdstatic.com/5eN1bjq8AAUYm2zgoY3K/r/www/cache/static/protocol/https/global/js/all_async_search_f8f9fab.js:109)
  g (https://ss1.bdstatic.com/5eN1bjq8AAUYm2zgoY3K/r/www/cache/static/protocol/https/global/js/all_async_search_f8f9fab.js:108)
  n (https://ss1.bdstatic.com/5eN1bjq8AAUYm2zgoY3K/r/www/cache/static/protocol/https/global/js/all_async_search_f8f9fab.js:107)
  p (https://ss1.bdstatic.com/5eN1bjq8AAUYm2zgoY3K/r/www/cache/static/protocol/https/global/js/all_async_search_f8f9fab.js:108)
  d (https://ss1.bdstatic.com/5eN1bjq8AAUYm2zgoY3K/r/www/cache/static/protocol/https/global/js/all_async_search_f8f9fab.js:106)
  o (https://ss1.bdstatic.com/5eN1bjq8AAUYm2zgoY3K/r/www/cache/static/protocol/https/global/js/all_async_search_f8f9fab.js:109)
  n (https://ss1.bdstatic.com/5eN1bjq8AAUYm2zgoY3K/r/www/cache/static/protocol/https/global/js/all_async_search_f8f9fab.js:116)

  phantomjs://platform/console++.js:263 in error
[INFO  - 2017-09-16T10:44:39.628Z] SessionManagerReqHand - _cleanupWindowlessSessions - Asynchronous Sessions clean-up phase starting NOW
[ERROR - 2017-09-16T10:48:14.233Z] Session [5793c4b0-9acb-11e7-b8e9-0dc3c97b18a5] - page.onError - msg: TypeError: undefined is not a constructor (evaluating 'jQuery11020646365781314671_1505558453724')

  phantomjs://platform/console++.js:263 in error
[ERROR - 2017-09-16T10:48:14.233Z] Session [5793c4b0-9acb-11e7-b8e9-0dc3c97b18a5] - page.onError - stack:
  global code (https://sp0.baidu.com/5a1Fazu8AA54nxGko9WTAnF6hhy/su?wd=ip&sugmode=2&json=1&p=3&sid=1424_21080_18560_20927&req=2&bs=ip&pbs=ip&csor=2&pwd=ip&cb=jQuery11020646365781314671_1505558453724&_=1505558453728:1)

  phantomjs://platform/console++.js:263 in error
[INFO  - 2017-09-16T10:49:39.616Z] SessionManagerReqHand - _cleanupWindowlessSessions - Asynchronous Sessions clean-up phase starting NOW
[INFO  - 2017-09-16T10:54:39.608Z] SessionManagerReqHand - _cleanupWindowlessSessions - Asynchronous Sessions clean-up phase starting NOW
[INFO  - 2017-09-16T10:59:39.597Z] SessionManagerReqHand - _cleanupWindowlessSessions - Asynchronous Sessions clean-up phase starting NOW
[INFO  - 2017-09-16T11:04:39.590Z] SessionManagerReqHand - _cleanupWindowlessSessions - Asynchronous Sessions clean-up phase starting NOW
